C:\Users\Z004KVHP\source\repos\DicomWeb2\DICOMweb\DICOMweb\dicom_web_ui\dist\out-tsc\app\app.component.js
C:\Users\Z004KVHP\source\repos\DicomWeb2\DICOMweb\DICOMweb\dicom_web_ui\dist\out-tsc\app\app.component.js.map
C:\Users\Z004KVHP\source\repos\DicomWeb2\DICOMweb\DICOMweb\dicom_web_ui\dist\out-tsc\app\model\IMatchingAttr.js
C:\Users\Z004KVHP\source\repos\DicomWeb2\DICOMweb\DICOMweb\dicom_web_ui\dist\out-tsc\app\model\IMatchingAttr.js.map
C:\Users\Z004KVHP\source\repos\DicomWeb2\DICOMweb\DICOMweb\dicom_web_ui\dist\out-tsc\app\services\config.service.js
C:\Users\Z004KVHP\source\repos\DicomWeb2\DICOMweb\DICOMweb\dicom_web_ui\dist\out-tsc\app\services\config.service.js.map
C:\Users\Z004KVHP\source\repos\DicomWeb2\DICOMweb\DICOMweb\dicom_web_ui\dist\out-tsc\app\error-dialog\error-dialog.component.js
C:\Users\Z004KVHP\source\repos\DicomWeb2\DICOMweb\DICOMweb\dicom_web_ui\dist\out-tsc\app\error-dialog\error-dialog.component.js.map
C:\Users\Z004KVHP\source\repos\DicomWeb2\DICOMweb\DICOMweb\dicom_web_ui\dist\out-tsc\app\dicom-web\dicom-web.component.js
C:\Users\Z004KVHP\source\repos\DicomWeb2\DICOMweb\DICOMweb\dicom_web_ui\dist\out-tsc\app\dicom-web\dicom-web.component.js.map
C:\Users\Z004KVHP\source\repos\DicomWeb2\DICOMweb\DICOMweb\dicom_web_ui\dist\out-tsc\app\model\IStudy.js
C:\Users\Z004KVHP\source\repos\DicomWeb2\DICOMweb\DICOMweb\dicom_web_ui\dist\out-tsc\app\model\IStudy.js.map
C:\Users\Z004KVHP\source\repos\DicomWeb2\DICOMweb\DICOMweb\dicom_web_ui\dist\out-tsc\app\services\study.service.js
C:\Users\Z004KVHP\source\repos\DicomWeb2\DICOMweb\DICOMweb\dicom_web_ui\dist\out-tsc\app\services\study.service.js.map
C:\Users\Z004KVHP\source\repos\DicomWeb2\DICOMweb\DICOMweb\dicom_web_ui\dist\out-tsc\app\mat-dialog\mat-dialog.component.js
C:\Users\Z004KVHP\source\repos\DicomWeb2\DICOMweb\DICOMweb\dicom_web_ui\dist\out-tsc\app\mat-dialog\mat-dialog.component.js.map
C:\Users\Z004KVHP\source\repos\DicomWeb2\DICOMweb\DICOMweb\dicom_web_ui\dist\out-tsc\app\model\ISerie.js
C:\Users\Z004KVHP\source\repos\DicomWeb2\DICOMweb\DICOMweb\dicom_web_ui\dist\out-tsc\app\model\ISerie.js.map
C:\Users\Z004KVHP\source\repos\DicomWeb2\DICOMweb\DICOMweb\dicom_web_ui\dist\out-tsc\app\services\series.service.js
C:\Users\Z004KVHP\source\repos\DicomWeb2\DICOMweb\DICOMweb\dicom_web_ui\dist\out-tsc\app\services\series.service.js.map
C:\Users\Z004KVHP\source\repos\DicomWeb2\DICOMweb\DICOMweb\dicom_web_ui\dist\out-tsc\app\services\instance.service.js
C:\Users\Z004KVHP\source\repos\DicomWeb2\DICOMweb\DICOMweb\dicom_web_ui\dist\out-tsc\app\services\instance.service.js.map
C:\Users\Z004KVHP\source\repos\DicomWeb2\DICOMweb\DICOMweb\dicom_web_ui\dist\out-tsc\app\image-dialog\image-dialog.component.js
C:\Users\Z004KVHP\source\repos\DicomWeb2\DICOMweb\DICOMweb\dicom_web_ui\dist\out-tsc\app\image-dialog\image-dialog.component.js.map
C:\Users\Z004KVHP\source\repos\DicomWeb2\DICOMweb\DICOMweb\dicom_web_ui\dist\out-tsc\app\series-list\series-list.component.js
C:\Users\Z004KVHP\source\repos\DicomWeb2\DICOMweb\DICOMweb\dicom_web_ui\dist\out-tsc\app\series-list\series-list.component.js.map
C:\Users\Z004KVHP\source\repos\DicomWeb2\DICOMweb\DICOMweb\dicom_web_ui\dist\out-tsc\app\study-list\study-list.component.js
C:\Users\Z004KVHP\source\repos\DicomWeb2\DICOMweb\DICOMweb\dicom_web_ui\dist\out-tsc\app\study-list\study-list.component.js.map
C:\Users\Z004KVHP\source\repos\DicomWeb2\DICOMweb\DICOMweb\dicom_web_ui\dist\out-tsc\material.module.js
C:\Users\Z004KVHP\source\repos\DicomWeb2\DICOMweb\DICOMweb\dicom_web_ui\dist\out-tsc\material.module.js.map
C:\Users\Z004KVHP\source\repos\DicomWeb2\DICOMweb\DICOMweb\dicom_web_ui\dist\out-tsc\app\app.module.js
C:\Users\Z004KVHP\source\repos\DicomWeb2\DICOMweb\DICOMweb\dicom_web_ui\dist\out-tsc\app\app.module.js.map
C:\Users\Z004KVHP\source\repos\DicomWeb2\DICOMweb\DICOMweb\dicom_web_ui\dist\out-tsc\environments\environment.js
C:\Users\Z004KVHP\source\repos\DicomWeb2\DICOMweb\DICOMweb\dicom_web_ui\dist\out-tsc\environments\environment.js.map
C:\Users\Z004KVHP\source\repos\DicomWeb2\DICOMweb\DICOMweb\dicom_web_ui\dist\out-tsc\main.js
C:\Users\Z004KVHP\source\repos\DicomWeb2\DICOMweb\DICOMweb\dicom_web_ui\dist\out-tsc\main.js.map
C:\Users\Z004KVHP\source\repos\DicomWeb2\DICOMweb\DICOMweb\dicom_web_ui\dist\out-tsc\polyfills.js
C:\Users\Z004KVHP\source\repos\DicomWeb2\DICOMweb\DICOMweb\dicom_web_ui\dist\out-tsc\polyfills.js.map
C:\Users\Z004KVHP\source\repos\DicomWeb2\DICOMweb\DICOMweb\dicom_web_ui\dist\out-tsc\test.js
C:\Users\Z004KVHP\source\repos\DicomWeb2\DICOMweb\DICOMweb\dicom_web_ui\dist\out-tsc\test.js.map
C:\Users\Z004KVHP\source\repos\DicomWeb2\DICOMweb\DICOMweb\dicom_web_ui\dist\out-tsc\app\app.component.spec.js
C:\Users\Z004KVHP\source\repos\DicomWeb2\DICOMweb\DICOMweb\dicom_web_ui\dist\out-tsc\app\app.component.spec.js.map
C:\Users\Z004KVHP\source\repos\DicomWeb2\DICOMweb\DICOMweb\dicom_web_ui\dist\out-tsc\app\image.service.spec.js
C:\Users\Z004KVHP\source\repos\DicomWeb2\DICOMweb\DICOMweb\dicom_web_ui\dist\out-tsc\app\image.service.spec.js.map
C:\Users\Z004KVHP\source\repos\DicomWeb2\DICOMweb\DICOMweb\dicom_web_ui\dist\out-tsc\app\dicom-web\dicom-web.component.spec.js
C:\Users\Z004KVHP\source\repos\DicomWeb2\DICOMweb\DICOMweb\dicom_web_ui\dist\out-tsc\app\dicom-web\dicom-web.component.spec.js.map
C:\Users\Z004KVHP\source\repos\DicomWeb2\DICOMweb\DICOMweb\dicom_web_ui\dist\out-tsc\app\error-dialog\error-dialog.component.spec.js
C:\Users\Z004KVHP\source\repos\DicomWeb2\DICOMweb\DICOMweb\dicom_web_ui\dist\out-tsc\app\error-dialog\error-dialog.component.spec.js.map
C:\Users\Z004KVHP\source\repos\DicomWeb2\DICOMweb\DICOMweb\dicom_web_ui\dist\out-tsc\app\image-dialog\image-dialog.component.spec.js
C:\Users\Z004KVHP\source\repos\DicomWeb2\DICOMweb\DICOMweb\dicom_web_ui\dist\out-tsc\app\image-dialog\image-dialog.component.spec.js.map
C:\Users\Z004KVHP\source\repos\DicomWeb2\DICOMweb\DICOMweb\dicom_web_ui\dist\out-tsc\app\series-list\series-list.component.spec.js
C:\Users\Z004KVHP\source\repos\DicomWeb2\DICOMweb\DICOMweb\dicom_web_ui\dist\out-tsc\app\series-list\series-list.component.spec.js.map
C:\Users\Z004KVHP\source\repos\DicomWeb2\DICOMweb\DICOMweb\dicom_web_ui\dist\out-tsc\app\study-list\study-list.component.spec.js
C:\Users\Z004KVHP\source\repos\DicomWeb2\DICOMweb\DICOMweb\dicom_web_ui\dist\out-tsc\app\study-list\study-list.component.spec.js.map
C:\Users\Z004KVHP\source\repos\DicomWeb2\DICOMweb\DICOMweb\dicom_web_ui\dist\out-tsc\environments\environment.prod.js
C:\Users\Z004KVHP\source\repos\DicomWeb2\DICOMweb\DICOMweb\dicom_web_ui\dist\out-tsc\environments\environment.prod.js.map
